<?xml version="1.0" encoding="UTF-8"?>
<!-- Generated by org.testng.reporters.JUnitReportReporter -->
<testsuite hostname="dell" failures="0" tests="2" name="com.test.jupiter.TestHomePage" time="12.960" errors="0" timestamp="24 Oct 2022 07:17:31 GMT">
  <testcase classname="com.test.jupiter.TestHomePage" name="verifySubmission" time="7.939"/>
  <testcase classname="com.test.jupiter.TestHomePage" name="checkMandatoryFields" time="5.021"/>
</testsuite> <!-- com.test.jupiter.TestHomePage -->
