<?xml version="1.0" encoding="UTF-8"?>
<!-- Generated by org.testng.reporters.JUnitReportReporter -->
<testsuite hostname="dell" failures="0" tests="2" name="com.test.jupiter.TestHomePage" time="11.640" errors="0" timestamp="24 Oct 2022 07:13:35 GMT">
  <testcase classname="com.test.jupiter.TestHomePage" name="verifySubmission" time="7.126"/>
  <testcase classname="com.test.jupiter.TestHomePage" name="checkMandatoryFields" time="4.514"/>
</testsuite> <!-- com.test.jupiter.TestHomePage -->
