<?xml version="1.0" encoding="UTF-8"?>
<!-- Generated by org.testng.reporters.JUnitReportReporter -->
<testsuite hostname="dell" failures="0" tests="3" name="com.test.jupiter.TestHomePage" time="31.188" errors="0" timestamp="24 Oct 2022 07:46:02 GMT">
  <testcase classname="com.test.jupiter.TestHomePage" name="VerifyCart" time="7.414"/>
  <testcase classname="com.test.jupiter.TestHomePage" name="checkMandatoryFields" time="4.462"/>
  <testcase classname="com.test.jupiter.TestHomePage" name="verifySubmission" time="19.312"/>
</testsuite> <!-- com.test.jupiter.TestHomePage -->
